<?xml version="1.0" encoding="UTF-8"?>
<!-- Generated by org.testng.reporters.JUnitReportReporter -->
<testsuite hostname="HarshitaAsus" failures="0" tests="1" name="trainingMO.day7.LoginScenario" time="2.469" errors="0" timestamp="2023-11-01T22:30:39 IST" skipped="0">
  <testcase classname="trainingMO.day7.LoginScenario" name="verifyTitle" time="2.469"/>
  <system-out>
    <![CDATA[Before Method getting exeucted 
after method is executed ]]>
  </system-out>
</testsuite> <!-- trainingMO.day7.LoginScenario -->
