<?xml version="1.0" encoding="UTF-8"?>
<!-- Generated by org.testng.reporters.JUnitReportReporter -->
<testsuite hostname="HarshitaAsus" failures="0" tests="2" name="Frameworkstart.first.ErrorValidations" time="10.478" errors="0" timestamp="2023-09-25T08:19:14 IST" skipped="0">
  <testcase classname="Frameworkstart.first.ErrorValidations" name="loginwithInvalid" time="3.897"/>
  <testcase classname="Frameworkstart.first.ErrorValidations" name="loginwithInvalid" time="6.581"/>
</testsuite> <!-- Frameworkstart.first.ErrorValidations -->
