<?xml version="1.0" encoding="UTF-8"?>
<!-- Generated by org.testng.reporters.JUnitReportReporter -->
<testsuite hostname="HarshitaAsus" failures="0" tests="4" name="trainingMO.day2.DDT" time="8.393" errors="0" timestamp="2023-10-19T19:03:39 IST" skipped="0">
  <testcase classname="trainingMO.day2.DDT" name="test1" time="1.746"/>
  <testcase classname="trainingMO.day2.DDT" name="test1" time="1.975"/>
  <testcase classname="trainingMO.day2.DDT" name="test1" time="2.696"/>
  <testcase classname="trainingMO.day2.DDT" name="test1" time="1.976"/>
</testsuite> <!-- trainingMO.day2.DDT -->
