<?xml version="1.0" encoding="UTF-8"?>
<!-- Generated by org.testng.reporters.JUnitReportReporter -->
<testsuite hostname="HarshitaAsus" failures="0" tests="1" name="trainingMO.day2.ReadExcel" time="0.612" errors="0" timestamp="2023-10-19T16:56:01 IST" skipped="0">
  <testcase classname="trainingMO.day2.ReadExcel" name="readDatafromExcel" time="0.612"/>
</testsuite> <!-- trainingMO.day2.ReadExcel -->
